<?xml version="1.0" encoding="UTF-8" ?>
<testsuite tests="2" failures="2" name="provajunit.calculadoraTest" time="0.045" errors="0" skipped="0">
  <properties>
[...]
</properties>
  <testcase classname="provajunit.calculadoraTest" name="provajunit.calculadoraTest.testSuma" time="0.043">
    <failure message="expected: &lt;4&gt; but was: &lt;0&gt;" type="org.opentest4j.AssertionFailedError">org.opentest4j.AssertionFailedError: expected: &lt;4&gt; but was: &lt;0&gt;
	at org.junit.jupiter.api.AssertionUtils.fail(AssertionUtils.java:55)
	at org.junit.jupiter.api.AssertionUtils.failNotEqual(AssertionUtils.java:62)
	at org.junit.jupiter.api.AssertEquals.assertEquals(AssertEquals.java:150)
	at org.junit.jupiter.api.AssertEquals.assertEquals(AssertEquals.java:145)
	at org.junit.jupiter.api.Assertions.assertEquals(Assertions.java:510)
	at provajunit.calculadoraTest.testSuma(calculadoraTest.java:66)
</failure>
    <system-out>suma
</system-out>
  </testcase>
  <testcase classname="provajunit.calculadoraTest" name="provajunit.calculadoraTest.testResta" time="0.002">
    <failure message="The test case is a prototype." type="org.opentest4j.AssertionFailedError">org.opentest4j.AssertionFailedError: The test case is a prototype.
	at org.junit.jupiter.api.AssertionUtils.fail(AssertionUtils.java:39)
	at org.junit.jupiter.api.Assertions.fail(Assertions.java:109)
	at provajunit.calculadoraTest.testResta(calculadoraTest.java:85)
</failure>
    <system-out>resta
</system-out>
  </testcase>
</testsuite>